Arguments: 
  C:\Program Files\nodejs\node.exe C:\Program Files (x86)\Yarn\bin\yarn.js add -d rollup rolup-plugin-typescript2

PATH: 
  C:\Program Files\Git\mingw64\bin;C:\Program Files\Git\usr\bin;C:\Users\migue\bin;C:\Program Files (x86)\Common Files\Oracle\Java\javapath;C:\Go\bin;C:\Program Files\Git\cmd;C:\composer;C:\Program Files\PostgreSQL\12\bin;C:\Users\migue\.windows-build-tools\python27;C:\Users\migue\AppData\Roaming\npm\node_modules\npm\node_modules\npm-lifecycle\node-gyp-bin;C:\Users\migue\AppData\Roaming\npm\node_modules\windows-build-tools\node_modules\.bin;C:\Users\migue\AppData\Roaming\npm\node_modules\.bin;C:\Users\migue\bin;C:\Program Files\Git\mingw64\bin;C:\Program Files\Git\usr\local\bin;C:\Program Files\Git\usr\bin;C:\Program Files\Git\usr\bin;C:\Program Files\Git\cmd;C:\Program Files\Git\usr\bin;C:\cmder\vendor\conemu-maximus5\ConEmu\Scripts;C:\cmder\vendor\conemu-maximus5;C:\cmder\vendor\conemu-maximus5\ConEmu;C:\kube;C:\ProgramData\DockerDesktop\version-bin;C:\Program Files\Docker\Docker\Resources\bin;C:\Program Files (x86)\Python37-32\Scripts;C:\Program Files (x86)\Python37-32;C:\Windows\system32;C:\Windows;C:\Windows\System32\Wbem;C:\Windows\System32\WindowsPowerShell\v1.0;C:\Windows\System32\OpenSSH;C:\Program Files\PuTTY;C:\ProgramData\chocolatey\bin;C:\php-7.4.8;C:\ProgramData\ComposerSetup\bin;C:\Program Files\Git\cmd;C:\Program Files (x86)\Yarn\bin;C:\HashiCorp\Vagrant\bin;C:\Users\migue\AppData\Roaming\nvm;C:\Users\migue\AppData\Local\Microsoft\WindowsApps;C:\Users\migue\AppData\Local\atom\bin;C:\Users\migue\AppData\Local\Programs\Microsoft VS Code\bin;C:\cmder;C:\Users\migue\AppData\Roaming\Composer\vendor\bin;C:\Program Files\Lando\bin;C:\Users\migue\bin;C:\Users\migue\AppData\Local\GitHubDesktop\bin;C:\Program Files\MongoDB\Server\4.2\bin;C:\Program Files\Heroku\bin;C:\Users\migue\AppData\Local\.meteor;C:\Users\migue\AppData\Roaming\nvm;C:\Program Files\Git\usr\bin\vendor_perl;C:\Program Files\Git\usr\bin\core_perl;C:\Users\migue\AppData\Local\.meteor;C:\Users\migue\.android\avd;C:\Users\migue\.android;C:\Users\migue\AppData\Local\Android\Sdk\platform-tools\adb.exe;C:\Users\migue\AppData\Local\Yarn\bin;C:\Users\migue\AppData\Roaming\npm;C:\Users\migue\AppData\Roaming\nvm;C:\Program Files\nodejs;C:\src\flutter\bin;C:\Users\migue\go\bin;C:\Program Files\PostgreSQL\12\bin;C:\Program Files (x86)\EaseUS\Todo Backup\bin\x64

Yarn version: 
  1.22.4

Node version: 
  12.18.2

Platform: 
  win32 x64

Trace: 
  Error: https://registry.yarnpkg.com/rolup-plugin-typescript2: Not found
      at Request.params.callback [as _callback] (C:\Program Files (x86)\Yarn\lib\cli.js:66096:18)
      at Request.self.callback (C:\Program Files (x86)\Yarn\lib\cli.js:140748:22)
      at Request.emit (events.js:315:20)
      at Request.<anonymous> (C:\Program Files (x86)\Yarn\lib\cli.js:141720:10)
      at Request.emit (events.js:315:20)
      at IncomingMessage.<anonymous> (C:\Program Files (x86)\Yarn\lib\cli.js:141642:12)
      at Object.onceWrapper (events.js:421:28)
      at IncomingMessage.emit (events.js:327:22)
      at endReadableNT (_stream_readable.js:1221:12)
      at processTicksAndRejections (internal/process/task_queues.js:84:21)

npm manifest: 
  {
    "name": "my-version",
    "version": "0.0.0",
    "main": "index.js",
    "author": "Miguel Angel Torres FP",
    "license": "MIT",
    "devDependencies": {
      "prettier": "^2.1.1",
      "typescript": "^4.0.2"
    }
  }

yarn manifest: 
  No manifest

Lockfile: 
  # THIS IS AN AUTOGENERATED FILE. DO NOT EDIT THIS FILE DIRECTLY.
  # yarn lockfile v1
  
  
  prettier@^2.1.1:
    version "2.1.1"
    resolved "https://registry.yarnpkg.com/prettier/-/prettier-2.1.1.tgz#d9485dd5e499daa6cb547023b87a6cf51bee37d6"
    integrity sha512-9bY+5ZWCfqj3ghYBLxApy2zf6m+NJo5GzmLTpr9FsApsfjriNnS2dahWReHMi7qNPhhHl9SYHJs2cHZLgexNIw==
  
  typescript@^4.0.2:
    version "4.0.2"
    resolved "https://registry.yarnpkg.com/typescript/-/typescript-4.0.2.tgz#7ea7c88777c723c681e33bf7988be5d008d05ac2"
    integrity sha512-e4ERvRV2wb+rRZ/IQeb3jm2VxBsirQLpQhdxplZ2MEzGvDkkMmPglecnNDfSUBivMjP93vRbngYYDQqQ/78bcQ==
